Using pre-set license
Built from '2022.3/release' branch; Version is '2022.3.18f1 (d29bea25151d) revision 13802474'; Using compiler version '192829333'; Build Type 'Release'
OS: 'Windows 10  (10.0.19045) 64bit Core' Language: 'es' Physical Memory: 16254 MB
BatchMode: 1, IsHumanControllingUs: 0, StartBugReporterOnCrash: 0, Is64bit: 1, IsPro: 1

COMMAND LINE ARGUMENTS:
D:\2022.3.18f1\Editor\Unity.exe
-adb2
-batchMode
-noUpm
-name
AssetImportWorker0
-projectPath
D:/Videojuego_Scroll
-logFile
Logs/AssetImportWorker0.log
-srvPort
53601
Successfully changed project path to: D:/Videojuego_Scroll
D:/Videojuego_Scroll
[UnityMemory] Configuration Parameters - Can be set up in boot.config
    "memorysetup-bucket-allocator-granularity=16"
    "memorysetup-bucket-allocator-bucket-count=8"
    "memorysetup-bucket-allocator-block-size=33554432"
    "memorysetup-bucket-allocator-block-count=8"
    "memorysetup-main-allocator-block-size=16777216"
    "memorysetup-thread-allocator-block-size=16777216"
    "memorysetup-gfx-main-allocator-block-size=16777216"
    "memorysetup-gfx-thread-allocator-block-size=16777216"
    "memorysetup-cache-allocator-block-size=4194304"
    "memorysetup-typetree-allocator-block-size=2097152"
    "memorysetup-profiler-bucket-allocator-granularity=16"
    "memorysetup-profiler-bucket-allocator-bucket-count=8"
    "memorysetup-profiler-bucket-allocator-block-size=33554432"
    "memorysetup-profiler-bucket-allocator-block-count=8"
    "memorysetup-profiler-allocator-block-size=16777216"
    "memorysetup-profiler-editor-allocator-block-size=1048576"
    "memorysetup-temp-allocator-size-main=16777216"
    "memorysetup-job-temp-allocator-block-size=2097152"
    "memorysetup-job-temp-allocator-block-size-background=1048576"
    "memorysetup-job-temp-allocator-reduction-small-platforms=262144"
    "memorysetup-allocator-temp-initial-block-size-main=262144"
    "memorysetup-allocator-temp-initial-block-size-worker=262144"
    "memorysetup-temp-allocator-size-background-worker=32768"
    "memorysetup-temp-allocator-size-job-worker=262144"
    "memorysetup-temp-allocator-size-preload-manager=33554432"
    "memorysetup-temp-allocator-size-nav-mesh-worker=65536"
    "memorysetup-temp-allocator-size-audio-worker=65536"
    "memorysetup-temp-allocator-size-cloud-worker=32768"
    "memorysetup-temp-allocator-size-gi-baking-worker=262144"
    "memorysetup-temp-allocator-size-gfx=262144"
Player connection [20684] Host "[IP] 192.168.1.41 [Port] 0 [Flags] 2 [Guid] 3415853630 [EditorId] 3415853630 [Version] 1048832 [Id] WindowsEditor(7,LAPTOP-V1E5PODF) [Debug] 1 [PackageName] WindowsEditor [ProjectName] Editor" joined multi-casting on [225.0.0.222:54997]...

Player connection [20684] Host "[IP] 192.168.1.41 [Port] 0 [Flags] 2 [Guid] 3415853630 [EditorId] 3415853630 [Version] 1048832 [Id] WindowsEditor(7,LAPTOP-V1E5PODF) [Debug] 1 [PackageName] WindowsEditor [ProjectName] Editor" joined alternative multi-casting on [225.0.0.222:34997]...

[Physics::Module] Initialized MultithreadedJobDispatcher with 11 workers.
Refreshing native plugins compatible for Editor in 220.52 ms, found 4 plugins.
Preloading 0 native plugins for Editor in 0.00 ms.
Initialize engine version: 2022.3.18f1 (d29bea25151d)
[Subsystems] Discovering subsystems at path D:/2022.3.18f1/Editor/Data/Resources/UnitySubsystems
[Subsystems] Discovering subsystems at path D:/Videojuego_Scroll/Assets
GfxDevice: creating device client; threaded=0; jobified=0
Direct3D:
    Version:  Direct3D 11.0 [level 11.1]
    Renderer: NVIDIA GeForce GTX 1650 (ID=0x1f91)
    Vendor:   NVIDIA
    VRAM:     3949 MB
    Driver:   31.0.15.2686
Initialize mono
Mono path[0] = 'D:/2022.3.18f1/Editor/Data/Managed'
Mono path[1] = 'D:/2022.3.18f1/Editor/Data/MonoBleedingEdge/lib/mono/unityjit-win32'
Mono config path = 'D:/2022.3.18f1/Editor/Data/MonoBleedingEdge/etc'
Using monoOptions --debugger-agent=transport=dt_socket,embedding=1,server=y,suspend=n,address=127.0.0.1:56828
Begin MonoManager ReloadAssembly
Registering precompiled unity dll's ...
Register platform support module: D:/2022.3.18f1/Editor/Data/PlaybackEngines/WebGLSupport/UnityEditor.WebGL.Extensions.dll
Register platform support module: D:/2022.3.18f1/Editor/Data/PlaybackEngines/WindowsStandaloneSupport/UnityEditor.WindowsStandalone.Extensions.dll
Registered in 0.012550 seconds.
- Loaded All Assemblies, in  1.155 seconds
Native extension for WindowsStandalone target not found
Native extension for WebGL target not found
Mono: successfully reloaded assembly
- Finished resetting the current domain, in  0.548 seconds
Domain Reload Profiling: 1703ms
	BeginReloadAssembly (527ms)
		ExecutionOrderSort (0ms)
		DisableScriptedObjects (0ms)
		BackupInstance (0ms)
		ReleaseScriptingObjects (0ms)
		CreateAndSetChildDomain (2ms)
	RebuildCommonClasses (47ms)
	RebuildNativeTypeToScriptingClass (18ms)
	initialDomainReloadingComplete (90ms)
	LoadAllAssembliesAndSetupDomain (472ms)
		LoadAssemblies (630ms)
		RebuildTransferFunctionScriptingTraits (0ms)
		AnalyzeDomain (365ms)
			TypeCache.Refresh (363ms)
				TypeCache.ScanAssembly (329ms)
			ScanForSourceGeneratedMonoScriptInfo (1ms)
			ResolveRequiredComponents (1ms)
	FinalizeReload (549ms)
		ReleaseScriptCaches (0ms)
		RebuildScriptCaches (0ms)
		SetupLoadedEditorAssemblies (424ms)
			LogAssemblyErrors (0ms)
			InitializePlatformSupportModulesInManaged (21ms)
			SetLoadedEditorAssemblies (16ms)
			RefreshPlugins (0ms)
			BeforeProcessingInitializeOnLoad (4ms)
			ProcessInitializeOnLoadAttributes (300ms)
			ProcessInitializeOnLoadMethodAttributes (83ms)
			AfterProcessingInitializeOnLoad (0ms)
			EditorAssembliesLoaded (0ms)
		ExecutionOrderSort2 (0ms)
		AwakeInstancesAfterBackupRestoration (0ms)
========================================================================
Worker process is ready to serve import requests
Begin MonoManager ReloadAssembly
- Loaded All Assemblies, in  1.962 seconds
Refreshing native plugins compatible for Editor in 5.83 ms, found 4 plugins.
Native extension for WindowsStandalone target not found
Native extension for WebGL target not found
Package Manager log level set to [2]
[Package Manager] Server::EnsureServerProcessIsRunning -- launch failed, reason: Unity was launched with the -noUpm command-line argument
[Package Manager] UpmClient::Send -- Unable to send message (not connected to UPM process).
[Package Manager] Cannot connect to Unity Package Manager local server
Mono: successfully reloaded assembly
- Finished resetting the current domain, in  1.303 seconds
Domain Reload Profiling: 3264ms
	BeginReloadAssembly (243ms)
		ExecutionOrderSort (0ms)
		DisableScriptedObjects (10ms)
		BackupInstance (0ms)
		ReleaseScriptingObjects (0ms)
		CreateAndSetChildDomain (33ms)
	RebuildCommonClasses (58ms)
	RebuildNativeTypeToScriptingClass (15ms)
	initialDomainReloadingComplete (47ms)
	LoadAllAssembliesAndSetupDomain (1597ms)
		LoadAssemblies (1308ms)
		RebuildTransferFunctionScriptingTraits (0ms)
		AnalyzeDomain (431ms)
			TypeCache.Refresh (367ms)
				TypeCache.ScanAssembly (323ms)
			ScanForSourceGeneratedMonoScriptInfo (46ms)
			ResolveRequiredComponents (16ms)
	FinalizeReload (1303ms)
		ReleaseScriptCaches (0ms)
		RebuildScriptCaches (0ms)
		SetupLoadedEditorAssemblies (984ms)
			LogAssemblyErrors (0ms)
			InitializePlatformSupportModulesInManaged (10ms)
			SetLoadedEditorAssemblies (8ms)
			RefreshPlugins (0ms)
			BeforeProcessingInitializeOnLoad (125ms)
			ProcessInitializeOnLoadAttributes (689ms)
			ProcessInitializeOnLoadMethodAttributes (146ms)
			AfterProcessingInitializeOnLoad (6ms)
			EditorAssembliesLoaded (0ms)
		ExecutionOrderSort2 (0ms)
		AwakeInstancesAfterBackupRestoration (14ms)
Launched and connected shader compiler UnityShaderCompiler.exe after 0.07 seconds
Refreshing native plugins compatible for Editor in 10.22 ms, found 4 plugins.
Preloading 0 native plugins for Editor in 0.00 ms.
Unloading 5656 Unused Serialized files (Serialized files now loaded: 0)
Unloading 100 unused Assets / (0.9 MB). Loaded Objects now: 6100.
Memory consumption went from 220.5 MB to 219.6 MB.
Total: 7.861800 ms (FindLiveObjects: 0.689500 ms CreateObjectMapping: 0.553600 ms MarkObjects: 5.952000 ms  DeleteObjects: 0.664300 ms)

AssetImportParameters requested are different than current active one (requested -> active):
  custom:container-demuxer-ogg: 62fdf1f143b41e24485cea50d1cbac27 -> 
  custom:video-codec-MediaFoundation-h265: 746d11721c4dcdbdad8f713fa42b33f4 -> 
  custom:video-decoder-ogg-theora: a1e56fd34408186e4bbccfd4996cb3dc -> 
  custom:framework-win-MediaFoundation: 216162199b28c13a410421893ffa2e32 -> 
  custom:CustomObjectIndexerAttribute: 62b5816608c3102f162a1797e29626cf -> 
  custom:container-demuxer-webm: 4f35f7cbe854078d1ac9338744f61a02 -> 
  custom:container-muxer-webm: aa71ff27fc2769a1b78a27578f13a17b -> 
  custom:video-decoder-webm-vp8: 9c59270c3fd7afecdb556c50c9e8de78 -> 
  custom:SearchIndexIgnoredProperties: e643bd26f0fe6173181afceb89e7c659 -> 
  custom:AudioImporter_EditorPlatform: d09bf68614088b80899f8185d706f6e7 -> 
  custom:video-encoder-webm-vp8: eb34c28f22e8b96e1ab97ce403110664 -> 
  custom:audio-decoder-ogg-vorbis: bf7c407c2cedff20999df2af8eb42d56 -> 
  custom:audio-encoder-webm-vorbis: bf7c407c2cedff20999df2af8eb42d56 -> 
========================================================================
Received Import Request.
  Time since last request: 97517.420768 seconds.
  path: Assets/UniversalRenderPipelineGlobalSettings.asset
  artifactKey: Guid(93b439a37f63240aca3dd4e01d978a9f) Importer(815301076,1909f56bfc062723c751e8b465ee728b)
Start importing Assets/UniversalRenderPipelineGlobalSettings.asset using Guid(93b439a37f63240aca3dd4e01d978a9f) Importer(815301076,1909f56bfc062723c751e8b465ee728b)  -> (artifact id: '08254b431e78862a1490bbccd82936fe') in 0.049262 seconds
Number of updated asset objects reloaded before import = 0
Number of asset objects unloaded after import = 1
========================================================================
Received Import Request.
  Time since last request: 1.811355 seconds.
  path: Assets/Settings/Lit2DSceneTemplate.scenetemplate
  artifactKey: Guid(d03ed43fc9d8a4f2e9fa70c1c7916eb9) Importer(815301076,1909f56bfc062723c751e8b465ee728b)
Start importing Assets/Settings/Lit2DSceneTemplate.scenetemplate using Guid(d03ed43fc9d8a4f2e9fa70c1c7916eb9) Importer(815301076,1909f56bfc062723c751e8b465ee728b)  -> (artifact id: '26d07b97551030ec94fb460899735305') in 0.727586 seconds
Number of updated asset objects reloaded before import = 0
Number of asset objects unloaded after import = 5
========================================================================
Received Import Request.
  Time since last request: 8.735889 seconds.
  path: Assets
  artifactKey: Guid(00000000000000001000000000000000) Importer(815301076,1909f56bfc062723c751e8b465ee728b)
Start importing Assets using Guid(00000000000000001000000000000000) Importer(815301076,1909f56bfc062723c751e8b465ee728b)  -> (artifact id: '8a4fe85251aa2e89732c359432baa2c3') in 0.000693 seconds
Number of updated asset objects reloaded before import = 0
Number of asset objects unloaded after import = 0
========================================================================
Received Import Request.
  Time since last request: 7.301456 seconds.
  path: Assets/Sprites
  artifactKey: Guid(044afef0c3f497b4d9c9761ecc4f78e1) Importer(815301076,1909f56bfc062723c751e8b465ee728b)
Start importing Assets/Sprites using Guid(044afef0c3f497b4d9c9761ecc4f78e1) Importer(815301076,1909f56bfc062723c751e8b465ee728b)  -> (artifact id: 'ed19875c7fee92cac4c6a596aa8d4c62') in 0.000460 seconds
Number of updated asset objects reloaded before import = 0
Number of asset objects unloaded after import = 0
========================================================================
Received Import Request.
  Time since last request: 21.772843 seconds.
  path: Assets/Sprites/Background
  artifactKey: Guid(572968178ab116242a94add3f0844ab7) Importer(815301076,1909f56bfc062723c751e8b465ee728b)
Start importing Assets/Sprites/Background using Guid(572968178ab116242a94add3f0844ab7) Importer(815301076,1909f56bfc062723c751e8b465ee728b)  -> (artifact id: 'a5554f043b360b21597a7421c1ffc672') in 0.001344 seconds
Number of updated asset objects reloaded before import = 0
Number of asset objects unloaded after import = 0
========================================================================
Received Import Request.
  Time since last request: 9.099263 seconds.
  path: Assets/Sprites/Player
  artifactKey: Guid(1072c51428d272a45a01586f46a99533) Importer(815301076,1909f56bfc062723c751e8b465ee728b)
Start importing Assets/Sprites/Player using Guid(1072c51428d272a45a01586f46a99533) Importer(815301076,1909f56bfc062723c751e8b465ee728b)  -> (artifact id: '8cb7ca789392ecaf786497bfe5fc83e8') in 0.000674 seconds
Number of updated asset objects reloaded before import = 0
Number of asset objects unloaded after import = 0
========================================================================
Received Import Request.
  Time since last request: 484.971205 seconds.
  path: Assets/Animations
  artifactKey: Guid(8a9d60e6d71844544b4bb7b92cc8138d) Importer(815301076,1909f56bfc062723c751e8b465ee728b)
Start importing Assets/Animations using Guid(8a9d60e6d71844544b4bb7b92cc8138d) Importer(815301076,1909f56bfc062723c751e8b465ee728b)  -> (artifact id: '5c012c2180cdab21bca0047598d929df') in 0.001018 seconds
Number of updated asset objects reloaded before import = 0
Number of asset objects unloaded after import = 0
========================================================================
Received Import Request.
  Time since last request: 200.277722 seconds.
  path: Assets/Sprites/Player/Player1.psb
  artifactKey: Guid(769b23f60ca81734abcaed6d47f36dc1) Importer(815301076,1909f56bfc062723c751e8b465ee728b)
Start importing Assets/Sprites/Player/Player1.psb using Guid(769b23f60ca81734abcaed6d47f36dc1) Importer(815301076,1909f56bfc062723c751e8b465ee728b)  -> (artifact id: '85782c0796471af0d50d7a6e561c284a') in 0.520768 seconds
Number of updated asset objects reloaded before import = 0
Number of asset objects unloaded after import = 32
========================================================================
Received Import Request.
  Time since last request: 881.912266 seconds.
  path: Assets/Sprites/Background/NIVEL 1 (M3) (tileado) copia.jpg
  artifactKey: Guid(0c40b07ddb66cb84685282f90248fa6d) Importer(815301076,1909f56bfc062723c751e8b465ee728b)
Start importing Assets/Sprites/Background/NIVEL 1 (M3) (tileado) copia.jpg using Guid(0c40b07ddb66cb84685282f90248fa6d) Importer(815301076,1909f56bfc062723c751e8b465ee728b)  -> (artifact id: 'c1a35bef5bff7d5165f97159393000bb') in 0.040585 seconds
Number of updated asset objects reloaded before import = 0
Number of asset objects unloaded after import = 3
========================================================================
Received Import Request.
  Time since last request: 1338.293733 seconds.
  path: Assets/Sprites/Background/NIVEL 1 (M3) (tileado).psd
  artifactKey: Guid(d20b463e2287f2341b5af7620cb4e32a) Importer(815301076,1909f56bfc062723c751e8b465ee728b)
Start importing Assets/Sprites/Background/NIVEL 1 (M3) (tileado).psd using Guid(d20b463e2287f2341b5af7620cb4e32a) Importer(815301076,1909f56bfc062723c751e8b465ee728b)  -> (artifact id: '3f88f2aa2fe856ef2991829d52f32a8a') in 0.053405 seconds
Number of updated asset objects reloaded before import = 0
Number of asset objects unloaded after import = 3
========================================================================
Received Import Request.
  Time since last request: 92.953500 seconds.
  path: Assets/Sprites/Background/CIELO.png
  artifactKey: Guid(4c2c08c405c51bf4cac15d4e966f3952) Importer(815301076,1909f56bfc062723c751e8b465ee728b)
Start importing Assets/Sprites/Background/CIELO.png using Guid(4c2c08c405c51bf4cac15d4e966f3952) Importer(815301076,1909f56bfc062723c751e8b465ee728b)  -> (artifact id: '63b2c2785ed4968c18f40209aeba3d37') in 0.027574 seconds
Number of updated asset objects reloaded before import = 0
Number of asset objects unloaded after import = 3
========================================================================
Received Import Request.
  Time since last request: 0.000023 seconds.
  path: Assets/Sprites/Background/SUELO.png
  artifactKey: Guid(d709494daa81f9b44bbb66440060742f) Importer(815301076,1909f56bfc062723c751e8b465ee728b)
Start importing Assets/Sprites/Background/SUELO.png using Guid(d709494daa81f9b44bbb66440060742f) Importer(815301076,1909f56bfc062723c751e8b465ee728b)  -> (artifact id: '30f70be3e172380772f17a2a40186918') in 0.027711 seconds
Number of updated asset objects reloaded before import = 0
Number of asset objects unloaded after import = 3
========================================================================
Received Import Request.
  Time since last request: 0.000089 seconds.
  path: Assets/Sprites/Background/MONTAÑAS.png
  artifactKey: Guid(dadeda50290e4d44dbb2cac4c39fc3fb) Importer(815301076,1909f56bfc062723c751e8b465ee728b)
Start importing Assets/Sprites/Background/MONTAÑAS.png using Guid(dadeda50290e4d44dbb2cac4c39fc3fb) Importer(815301076,1909f56bfc062723c751e8b465ee728b)  -> (artifact id: '60e877518b7f7e3570e2278826a7eacc') in 0.026391 seconds
Number of updated asset objects reloaded before import = 0
Number of asset objects unloaded after import = 3
========================================================================
Received Import Request.
  Time since last request: 561.223463 seconds.
  path: Assets/Sprites/Background/CIUDAD_DEF.png
  artifactKey: Guid(1c7307bc3504ecc42a8055708680eefc) Importer(815301076,1909f56bfc062723c751e8b465ee728b)
Start importing Assets/Sprites/Background/CIUDAD_DEF.png using Guid(1c7307bc3504ecc42a8055708680eefc) Importer(815301076,1909f56bfc062723c751e8b465ee728b)  -> (artifact id: '4d1f94fa10e82820c24f9f0aadeaad92') in 0.056814 seconds
Number of updated asset objects reloaded before import = 0
Number of asset objects unloaded after import = 3
========================================================================
Received Import Request.
  Time since last request: 395.511774 seconds.
  path: Assets/Sprites/Player/Player1.psb
  artifactKey: Guid(769b23f60ca81734abcaed6d47f36dc1) Importer(815301076,1909f56bfc062723c751e8b465ee728b)
Start importing Assets/Sprites/Player/Player1.psb using Guid(769b23f60ca81734abcaed6d47f36dc1) Importer(815301076,1909f56bfc062723c751e8b465ee728b)  -> (artifact id: 'f9a39f60b2db0b52b88293d6050b74c7') in 0.158427 seconds
Number of updated asset objects reloaded before import = 0
Number of asset objects unloaded after import = 31
========================================================================
Received Import Request.
  Time since last request: 7.005444 seconds.
  path: Assets/Sprites/Player/Player1.psb
  artifactKey: Guid(769b23f60ca81734abcaed6d47f36dc1) Importer(815301076,1909f56bfc062723c751e8b465ee728b)
Start importing Assets/Sprites/Player/Player1.psb using Guid(769b23f60ca81734abcaed6d47f36dc1) Importer(815301076,1909f56bfc062723c751e8b465ee728b)  -> (artifact id: 'ff9cd2061def2997ed7486e7b6e551c2') in 0.072203 seconds
Number of updated asset objects reloaded before import = 0
Number of asset objects unloaded after import = 31
========================================================================
Received Import Request.
  Time since last request: 142.810294 seconds.
  path: Assets/Sprites/Player/Player1.psb
  artifactKey: Guid(769b23f60ca81734abcaed6d47f36dc1) Importer(815301076,1909f56bfc062723c751e8b465ee728b)
Start importing Assets/Sprites/Player/Player1.psb using Guid(769b23f60ca81734abcaed6d47f36dc1) Importer(815301076,1909f56bfc062723c751e8b465ee728b)  -> (artifact id: '3bf3910b65d8c9df6ae45c17c36ebe1f') in 0.196845 seconds
Number of updated asset objects reloaded before import = 0
Number of asset objects unloaded after import = 31
========================================================================
Received Import Request.
  Time since last request: 56.534501 seconds.
  path: Assets/Sprites/Player/Player1.psb
  artifactKey: Guid(769b23f60ca81734abcaed6d47f36dc1) Importer(815301076,1909f56bfc062723c751e8b465ee728b)
Start importing Assets/Sprites/Player/Player1.psb using Guid(769b23f60ca81734abcaed6d47f36dc1) Importer(815301076,1909f56bfc062723c751e8b465ee728b)  -> (artifact id: '88c0c0c8a88a79cb0477adb74512ae14') in 0.159625 seconds
Number of updated asset objects reloaded before import = 0
Number of asset objects unloaded after import = 31
========================================================================
Received Import Request.
  Time since last request: 1569.281869 seconds.
  path: Assets/Sprites/Player/Player1.psb
  artifactKey: Guid(769b23f60ca81734abcaed6d47f36dc1) Importer(815301076,1909f56bfc062723c751e8b465ee728b)
Start importing Assets/Sprites/Player/Player1.psb using Guid(769b23f60ca81734abcaed6d47f36dc1) Importer(815301076,1909f56bfc062723c751e8b465ee728b)  -> (artifact id: '563110adf64e82ec412e2654ec00bb2d') in 0.243535 seconds
Number of updated asset objects reloaded before import = 0
Number of asset objects unloaded after import = 79
========================================================================
Received Import Request.
  Time since last request: 321.995693 seconds.
  path: Assets/CIELO.png
  artifactKey: Guid(4da160b20622f4340b5a27bfe9dafee4) Importer(815301076,1909f56bfc062723c751e8b465ee728b)
Start importing Assets/CIELO.png using Guid(4da160b20622f4340b5a27bfe9dafee4) Importer(815301076,1909f56bfc062723c751e8b465ee728b)  -> (artifact id: '5dd9f35a2230424e1102f588bd592c2e') in 0.023477 seconds
Number of updated asset objects reloaded before import = 0
Number of asset objects unloaded after import = 3
========================================================================
Received Import Request.
  Time since last request: 0.000037 seconds.
  path: Assets/MONTAÑAS.png
  artifactKey: Guid(26f703667b95b4c48853ed57fe7eb1e0) Importer(815301076,1909f56bfc062723c751e8b465ee728b)
Start importing Assets/MONTAÑAS.png using Guid(26f703667b95b4c48853ed57fe7eb1e0) Importer(815301076,1909f56bfc062723c751e8b465ee728b)  -> (artifact id: '8541b23fb0db689aeff450b00cf5f4e2') in 0.022382 seconds
Number of updated asset objects reloaded before import = 0
Number of asset objects unloaded after import = 3
========================================================================
Received Import Request.
  Time since last request: 0.000022 seconds.
  path: Assets/SUELO.png
  artifactKey: Guid(231ecc3ba354d2343a0b4e91023270c3) Importer(815301076,1909f56bfc062723c751e8b465ee728b)
Start importing Assets/SUELO.png using Guid(231ecc3ba354d2343a0b4e91023270c3) Importer(815301076,1909f56bfc062723c751e8b465ee728b)  -> (artifact id: '414a67fc77dcb796218f0b08302cd869') in 0.028792 seconds
Number of updated asset objects reloaded before import = 0
Number of asset objects unloaded after import = 3
========================================================================
Received Import Request.
  Time since last request: 144.626835 seconds.
  path: Assets/Sprites/Player/Player1.psb
  artifactKey: Guid(769b23f60ca81734abcaed6d47f36dc1) Importer(815301076,1909f56bfc062723c751e8b465ee728b)
Start importing Assets/Sprites/Player/Player1.psb using Guid(769b23f60ca81734abcaed6d47f36dc1) Importer(815301076,1909f56bfc062723c751e8b465ee728b)  -> (artifact id: 'f53e515abf7257e20f7ae95c65be937e') in 0.086979 seconds
Number of updated asset objects reloaded before import = 0
Number of asset objects unloaded after import = 73
